Importer Log Report
Project : 710-DC2044B_REV01_PCA_SCHEMATIC.PrjPcb

Section : Document - C:\Users\temp\Documents\WPI\MQP\dc2044b\710-DC2044B_REV01_PCA_SCHEMATIC.DSN

    Section : Importing Sheet - PAGE1.SchDoc
        Warning : Junction at (8100mil,2800mil) has been removed. It will be automatically calculated.
        Warning : Junction at (5500mil,6400mil) has been removed. It will be automatically calculated.
        Warning : Junction at (3400mil,6400mil) has been removed. It will be automatically calculated.
        Warning : Junction at (10100mil,3000mil) has been removed. It will be automatically calculated.
        Warning : Junction at (9100mil,3000mil) has been removed. It will be automatically calculated.
        Warning : Junction at (3400mil,8500mil) has been removed. It will be automatically calculated.
        Warning : Junction at (4400mil,7200mil) has been removed. It will be automatically calculated.
        Warning : Junction at (4600mil,7900mil) has been removed. It will be automatically calculated.
        Warning : Junction at (10700mil,11600mil) has been removed. It will be automatically calculated.
        Warning : Junction at (12400mil,11600mil) has been removed. It will be automatically calculated.
        Warning : Junction at (14500mil,9100mil) has been removed. It will be automatically calculated.
        Warning : Junction at (4500mil,11900mil) has been removed. It will be automatically calculated.
        Warning : Junction at (10800mil,9100mil) has been removed. It will be automatically calculated.
        Warning : Junction at (14400mil,8900mil) has been removed. It will be automatically calculated.
        Warning : Junction at (14500mil,7800mil) has been removed. It will be automatically calculated.
        Warning : Junction at (3400mil,11900mil) has been removed. It will be automatically calculated.
        Warning : Junction at (4500mil,7200mil) has been removed. It will be automatically calculated.
        Warning : Junction at (6000mil,9300mil) has been removed. It will be automatically calculated.
        Warning : Junction at (11400mil,1900mil) has been removed. It will be automatically calculated.
        Warning : Junction at (11500mil,1900mil) has been removed. It will be automatically calculated.
        Warning : Junction at (10000mil,3800mil) has been removed. It will be automatically calculated.
        Warning : Junction at (7300mil,4200mil) has been removed. It will be automatically calculated.
        Warning : Junction at (13400mil,5800mil) has been removed. It will be automatically calculated.
        Warning : Junction at (15900mil,3600mil) has been removed. It will be automatically calculated.
        Warning : Junction at (16100mil,3600mil) has been removed. It will be automatically calculated.
        Warning : Junction at (16000mil,4700mil) has been removed. It will be automatically calculated.
        Warning : Junction at (16100mil,4700mil) has been removed. It will be automatically calculated.
        Warning : Junction at (15500mil,3600mil) has been removed. It will be automatically calculated.
        Warning : Junction at (2800mil,10700mil) has been removed. It will be automatically calculated.
        Warning : Junction at (3400mil,7100mil) has been removed. It will be automatically calculated.
        Warning : Junction at (16100mil,10400mil) has been removed. It will be automatically calculated.
        Warning : Junction at (16400mil,10400mil) has been removed. It will be automatically calculated.
        Warning : Junction at (16800mil,10400mil) has been removed. It will be automatically calculated.
        Warning : Junction at (17300mil,9100mil) has been removed. It will be automatically calculated.
        Warning : Junction at (11400mil,2900mil) has been removed. It will be automatically calculated.
        Warning : Junction at (3000mil,10700mil) has been removed. It will be automatically calculated.
        Warning : Junction at (3800mil,4700mil) has been removed. It will be automatically calculated.
        Warning : Junction at (14400mil,9000mil) has been removed. It will be automatically calculated.
        Warning : Junction at (8300mil,3800mil) has been removed. It will be automatically calculated.
        Warning : Junction at (16100mil,4900mil) has been removed. It will be automatically calculated.
        Warning : Junction at (15500mil,4200mil) has been removed. It will be automatically calculated.
        Warning : Junction at (13700mil,9000mil) has been removed. It will be automatically calculated.
        Warning : Junction at (8800mil,11900mil) has been removed. It will be automatically calculated.
        Warning : Junction at (6400mil,11500mil) has been removed. It will be automatically calculated.
        Warning : Junction at (7500mil,11700mil) has been removed. It will be automatically calculated.
        Warning : Junction at (6500mil,9100mil) has been removed. It will be automatically calculated.
        Warning : Junction at (6600mil,5300mil) has been removed. It will be automatically calculated.
        Warning : Junction at (14800mil,4200mil) has been removed. It will be automatically calculated.
        Warning : Junction at (11800mil,10400mil) has been removed. It will be automatically calculated.
        Warning : Junction at (11700mil,9300mil) has been removed. It will be automatically calculated.
        Warning : Junction at (11700mil,9000mil) has been removed. It will be automatically calculated.
        Warning : Junction at (11900mil,8900mil) has been removed. It will be automatically calculated.
        Warning : Junction at (11800mil,7900mil) has been removed. It will be automatically calculated.
        Warning : Junction at (14400mil,10400mil) has been removed. It will be automatically calculated.
        Warning : Junction at (11800mil,7600mil) has been removed. It will be automatically calculated.
        Warning : Junction at (10900mil,7500mil) has been removed. It will be automatically calculated.
        Warning : Junction at (10900mil,7000mil) has been removed. It will be automatically calculated.
        Warning : Junction at (4100mil,11900mil) has been removed. It will be automatically calculated.
        Warning : Junction at (3800mil,10700mil) has been removed. It will be automatically calculated.
        Warning : Junction at (17400mil,9100mil) has been removed. It will be automatically calculated.
        Warning : Junction at (17400mil,10400mil) has been removed. It will be automatically calculated.
        Warning : Junction at (15700mil,3600mil) has been removed. It will be automatically calculated.
    EndSection
EndSection
